\BOOKMARK [0][-]{statement.0}{\376\377\130\360\146\016}{}% 1
\BOOKMARK [0][-]{chapter*.1}{\376\377\144\130\211\201}{}% 2
\BOOKMARK [0][-]{chapter*.2}{\376\377\000A\000b\000s\000t\000r\000a\000c\000t}{}% 3
\BOOKMARK [0][-]{bittoc.0}{\376\377\166\356\137\125}{}% 4
\BOOKMARK [0][-]{chapter.1}{\376\377\173\054\0001\172\340\000\040\000\040\176\352\213\272}{}% 5
\BOOKMARK [1][-]{section.1.1}{\376\377\0001\000.\0001\000\040\170\024\172\166\200\314\146\157}{chapter.1}% 6
\BOOKMARK [2][-]{subsection.1.1.1}{\376\377\0001\000.\0001\000.\0001\000\040\131\047\145\160\143\156\232\330\220\032\221\317\116\377\167\037\213\241\173\227\166\204\170\024\172\166\200\314\146\157\124\214\141\017\116\111}{section.1.1}% 7
\BOOKMARK [2][-]{subsection.1.1.2}{\376\377\0001\000.\0001\000.\0002\000\040\000C\000P\000U\000/\000G\000P\000U\137\002\147\204\213\241\173\227\170\024\172\166\200\314\146\157\124\214\141\017\116\111}{section.1.1}% 8
\BOOKMARK [1][-]{section.1.2}{\376\377\0001\000.\0002\000\040\000C\000P\000U\000/\000G\000P\000U\137\002\147\204\177\026\172\013\173\200\116\313}{chapter.1}% 9
\BOOKMARK [2][-]{subsection.1.2.1}{\376\377\0001\000.\0002\000.\0001\000\040\000C\000U\000D\000A\136\163\123\360\173\200\116\313}{section.1.2}% 10
\BOOKMARK [2][-]{subsection.1.2.2}{\376\377\0001\000.\0002\000.\0002\000\040\000O\000p\000e\000n\000C\000L\173\200\116\313}{section.1.2}% 11
\BOOKMARK [2][-]{subsection.1.2.3}{\376\377\0001\000.\0002\000.\0003\000\040\000O\000p\000e\000n\000A\000c\000c\173\200\116\313}{section.1.2}% 12
\BOOKMARK [1][-]{section.1.3}{\376\377\0001\000.\0003\000\040\000G\000P\000U\176\323\147\204\173\200\116\313}{chapter.1}% 13
\BOOKMARK [2][-]{subsection.1.3.1}{\376\377\0001\000.\0003\000.\0001\000\040\000C\000P\000U\124\214\000G\000P\000U\213\276\213\241\123\072\122\053}{section.1.3}% 14
\BOOKMARK [0][-]{chapter*.5}{\376\377\176\323\213\272}{}% 15
\BOOKMARK [0][-]{chapter*.6}{\376\377\123\302\200\003\145\207\163\056}{}% 16
\BOOKMARK [0][-]{appendix.A}{\376\377\226\104\137\125\000\040\000A\000\040\000\040\000*\000*\000*}{}% 17
\BOOKMARK [0][-]{appendix.B}{\376\377\226\104\137\125\000\040\000B\000\040\000\040\000M\000a\000x\000w\000e\000l\000l\000\040\000E\000q\000u\000a\000t\000i\000o\000n\000s}{}% 18
\BOOKMARK [0][-]{appendix*.7}{\376\377\145\073\213\373\133\146\117\115\147\037\225\364\123\321\210\150\213\272\145\207\116\016\170\024\172\166\142\020\147\234\156\005\123\125}{}% 19
\BOOKMARK [0][-]{appendix*.8}{\376\377\201\364\214\042}{}% 20
\BOOKMARK [0][-]{appendix*.9}{\376\377\117\134\200\005\173\200\116\313}{}% 21
